<?xml version="1.0" encoding="UTF-8"?>
<!-- Generated by org.testng.reporters.JUnitReportReporter -->
<testsuite skipped="0" hostname="DESKTOP-0BRS4D0" name="keyDrivenFrameWork.TestCase.LoginTest_001" tests="2" failures="0" timestamp="17 Jul 2021 13:38:07 GMT" time="25.688" errors="0">
  <testcase name="LoginTest" time="12.040" classname="keyDrivenFrameWork.TestCase.LoginTest_001"/>
  <testcase name="addAccountTest" time="13.648" classname="keyDrivenFrameWork.TestCase.LoginTest_001"/>
</testsuite> <!-- keyDrivenFrameWork.TestCase.LoginTest_001 -->
